app/manifest-merger-release-report.txt
-- Merging decision tree log ---
manifest
ADDED from AndroidManifest.xml:2:1
	xmlns:tools
		ADDED from AndroidManifest.xml:3:5
	xmlns:android
		ADDED from AndroidManifest.xml:2:11
	package
		ADDED from AndroidManifest.xml:4:5
	android:versionName
		ADDED from AndroidManifest.xml:7:5
		INJECTED from AndroidManifest.xml:0:0
		INJECTED from AndroidManifest.xml:0:0
	android:versionCode
		ADDED from AndroidManifest.xml:5:5
		INJECTED from AndroidManifest.xml:0:0
		INJECTED from AndroidManifest.xml:0:0
	android:installLocation
		ADDED from AndroidManifest.xml:6:5
uses-sdk
ADDED from AndroidManifest.xml:11:5
MERGED from com.android.support:appcompat-v7:22.1.1:20:5
MERGED from com.android.support:support-v4:22.1.1:20:5
	android:targetSdkVersion
		ADDED from AndroidManifest.xml:11:42
		INJECTED from AndroidManifest.xml:0:0
		INJECTED from AndroidManifest.xml:0:0
	android:minSdkVersion
		ADDED from AndroidManifest.xml:11:15
		INJECTED from AndroidManifest.xml:0:0
		INJECTED from AndroidManifest.xml:0:0
uses-permission#android.permission.WRITE_EXTERNAL_STORAGE
ADDED from AndroidManifest.xml:12:5
	android:name
		ADDED from AndroidManifest.xml:12:22
uses-permission#android.permission.CAMERA
ADDED from AndroidManifest.xml:13:5
	android:name
		ADDED from AndroidManifest.xml:13:22
uses-permission#android.permission.BLUETOOTH
ADDED from AndroidManifest.xml:14:5
	android:name
		ADDED from AndroidManifest.xml:14:22
uses-permission#android.permission.BLUETOOTH_ADMIN
ADDED from AndroidManifest.xml:15:5
	android:name
		ADDED from AndroidManifest.xml:15:22
uses-permission#android.permission.ACCESS_NETWORK_STATE
ADDED from AndroidManifest.xml:16:5
	android:name
		ADDED from AndroidManifest.xml:16:23
uses-permission#android.permission.INTERNET
ADDED from AndroidManifest.xml:17:5
	android:name
		ADDED from AndroidManifest.xml:17:22
uses-permission#android.permission.RECEIVE_BOOT_COMPLETED
ADDED from AndroidManifest.xml:18:5
	android:name
		ADDED from AndroidManifest.xml:18:22
uses-permission#android.permission.READ_EXTERNAL_STORAGE
ADDED from AndroidManifest.xml:20:5
	android:name
		ADDED from AndroidManifest.xml:20:22
uses-permission#android.permission.GET_ACCOUNTS
ADDED from AndroidManifest.xml:23:5
	android:name
		ADDED from AndroidManifest.xml:23:22
uses-permission#android.permission.USE_CREDENTIALS
ADDED from AndroidManifest.xml:24:5
	android:name
		ADDED from AndroidManifest.xml:24:22
uses-permission#android.permission.MANAGE_ACCOUNTS
ADDED from AndroidManifest.xml:25:5
	android:name
		ADDED from AndroidManifest.xml:25:22
uses-permission#com.google.android.googleapps.permission.GOOGLE_AUTH
ADDED from AndroidManifest.xml:26:5
	android:name
		ADDED from AndroidManifest.xml:26:22
uses-permission#com.google.android.googleapps.permission.GOOGLE_AUTH.wise
ADDED from AndroidManifest.xml:27:5
	android:name
		ADDED from AndroidManifest.xml:27:22
uses-permission#com.google.android.googleapps.permission.GOOGLE_AUTH.writely
ADDED from AndroidManifest.xml:28:5
	android:name
		ADDED from AndroidManifest.xml:28:22
uses-permission#com.google.android.googleapps.permission.GOOGLE_AUTH.fusiontables
ADDED from AndroidManifest.xml:29:5
	android:name
		ADDED from AndroidManifest.xml:29:22
uses-permission#com.google.android.googleapps.permission.GOOGLE_AUTH.local
ADDED from AndroidManifest.xml:30:5
	android:name
		ADDED from AndroidManifest.xml:30:22
uses-permission#com.google.android.providers.gsf.permission.READ_GSERVICES
ADDED from AndroidManifest.xml:31:5
	android:name
		ADDED from AndroidManifest.xml:31:22
application
ADDED from AndroidManifest.xml:35:5
MERGED from com.android.support:appcompat-v7:22.1.1:22:5
MERGED from com.android.support:support-v4:22.1.1:22:5
	android:label
		ADDED from AndroidManifest.xml:35:18
	android:icon
		ADDED from AndroidManifest.xml:35:51
	android:theme
		ADDED from AndroidManifest.xml:35:89
activity#br.com.mobiwork.SCAPrevenda.MenuInicial
ADDED from AndroidManifest.xml:37:9
	android:screenOrientation
		ADDED from AndroidManifest.xml:38:46
	android:label
		ADDED from AndroidManifest.xml:38:13
	android:name
		ADDED from AndroidManifest.xml:37:19
intent-filter#android.intent.action.MAIN+android.intent.category.LAUNCHER
ADDED from AndroidManifest.xml:39:13
action#android.intent.action.MAIN
ADDED from AndroidManifest.xml:40:17
	android:name
		ADDED from AndroidManifest.xml:40:25
category#android.intent.category.LAUNCHER
ADDED from AndroidManifest.xml:41:17
	android:name
		ADDED from AndroidManifest.xml:41:27
service#br.com.mobiwork.SCAPrevenda.sinc.AtuService
ADDED from AndroidManifest.xml:44:9
	android:name
		ADDED from AndroidManifest.xml:44:18
activity#br.com.mobiwork.SCAPrevenda.sinc.SincConfig
ADDED from AndroidManifest.xml:45:9
	android:name
		ADDED from AndroidManifest.xml:45:19
activity#br.com.mobiwork.SCAPrevenda.sinc.NotificationS
ADDED from AndroidManifest.xml:46:9
	android:name
		ADDED from AndroidManifest.xml:46:19
activity#br.com.mobiwork.SCAPrevenda.inf.Informacoes
ADDED from AndroidManifest.xml:47:9
	android:theme
		ADDED from AndroidManifest.xml:47:51
	android:name
		ADDED from AndroidManifest.xml:47:19
activity#br.com.mobiwork.SCAPrevenda.login.Login
ADDED from AndroidManifest.xml:48:9
	android:theme
		ADDED from AndroidManifest.xml:48:47
	android:name
		ADDED from AndroidManifest.xml:48:19
activity#br.com.mobiwork.SCAPrevenda.pedido.Pedidos
ADDED from AndroidManifest.xml:49:9
	android:name
		ADDED from AndroidManifest.xml:49:19
activity#br.com.mobiwork.SCAPrevenda.pedido.pedidovendateste
ADDED from AndroidManifest.xml:50:9
	android:screenOrientation
		ADDED from AndroidManifest.xml:50:59
	android:name
		ADDED from AndroidManifest.xml:50:19
activity#br.com.mobiwork.SCAPrevenda.produto.PesqProd
ADDED from AndroidManifest.xml:51:9
	android:screenOrientation
		ADDED from AndroidManifest.xml:51:53
	android:name
		ADDED from AndroidManifest.xml:51:19
activity#br.com.mobiwork.SCAPrevenda.pedido.IncluirPedido
ADDED from AndroidManifest.xml:52:9
	android:theme
		ADDED from AndroidManifest.xml:52:56
	android:name
		ADDED from AndroidManifest.xml:52:19
activity#br.com.mobiwork.SCAPrevenda.pedido.PedidosEnviados
ADDED from AndroidManifest.xml:53:9
	android:name
		ADDED from AndroidManifest.xml:53:19
activity#br.com.mobiwork.SCAPrevenda.pedido.LotePedido
ADDED from AndroidManifest.xml:54:9
	android:name
		ADDED from AndroidManifest.xml:54:19
activity#br.com.mobiwork.SCAPrevenda.pedido.Orcamentos
ADDED from AndroidManifest.xml:55:9
	android:name
		ADDED from AndroidManifest.xml:55:19
activity#br.com.mobiwork.SCAPrevenda.util.BkpBancoDeDados
ADDED from AndroidManifest.xml:56:9
	android:name
		ADDED from AndroidManifest.xml:56:19
activity#br.com.mobiwork.SCAPrevenda.Restaure.Restaure
ADDED from AndroidManifest.xml:57:9
	android:theme
		ADDED from AndroidManifest.xml:57:54
	android:name
		ADDED from AndroidManifest.xml:57:19
activity#br.com.mobiwork.SCAPrevenda.pedido.ConfirmaPedido
ADDED from AndroidManifest.xml:58:9
	android:theme
		ADDED from AndroidManifest.xml:58:57
	android:name
		ADDED from AndroidManifest.xml:58:19
activity#br.com.mobiwork.SCAPrevenda.ponto.InfoPonto
ADDED from AndroidManifest.xml:59:9
	android:theme
		ADDED from AndroidManifest.xml:59:51
	android:name
		ADDED from AndroidManifest.xml:59:19
activity#br.com.mobiwork.SCAPrevenda.ponto.RegPonto
ADDED from AndroidManifest.xml:60:9
	android:theme
		ADDED from AndroidManifest.xml:60:50
	android:name
		ADDED from AndroidManifest.xml:60:19
activity#br.com.mobiwork.SCAPrevenda.sinc.ConfirmaAtu
ADDED from AndroidManifest.xml:61:9
	android:theme
		ADDED from AndroidManifest.xml:61:52
	android:name
		ADDED from AndroidManifest.xml:61:19
activity#br.com.mobiwork.SCAPrevenda.atualizacao.ListAtu
ADDED from AndroidManifest.xml:62:9
	android:theme
		ADDED from AndroidManifest.xml:62:55
	android:name
		ADDED from AndroidManifest.xml:62:19
receiver#br.com.mobiwork.SCAPrevenda.util.StartupReceiver
ADDED from AndroidManifest.xml:63:11
	android:name
		ADDED from AndroidManifest.xml:63:21
intent-filter#android.net.wifi.WIFI_STATE_CHANGED
ADDED from AndroidManifest.xml:64:15
action#android.net.wifi.WIFI_STATE_CHANGED
ADDED from AndroidManifest.xml:65:19
	android:name
		ADDED from AndroidManifest.xml:66:21
meta-data#com.google.android.gms.version
ADDED from AndroidManifest.xml:69:11
	android:name
		ADDED from AndroidManifest.xml:69:22
	android:value
		ADDED from AndroidManifest.xml:70:15